<?xml version="1.0" encoding="UTF-8"?>
<testsuite name="firstIT" tests="1" skipped="0" failures="0" errors="0" timestamp="2015-11-05T16:41:00" hostname="My-PC" time="0.001">
  <properties/>
  <testcase name="testSomeLibraryMethod" classname="firstIT" time="0.001"/>
  <system-out><![CDATA[]]></system-out>
  <system-err><![CDATA[]]></system-err>
</testsuite>
